<?xml version="1.0" encoding="UTF-8"?>
<!-- Generated by org.testng.reporters.JUnitReportReporter -->
<testsuite hostname="Admin" failures="0" tests="5" name="com.api.auto.testcase.TC_API_Login" time="3.060" errors="0" timestamp="2023-09-28T17:11:22 GMT+07:00" skipped="0">
  <testcase classname="com.api.auto.testcase.TC_API_Login" name="TC01_Validate200Ok" time="0.065"/>
  <testcase classname="com.api.auto.testcase.TC_API_Login" name="TC02_ValidateMessage" time="2.853"/>
  <testcase classname="com.api.auto.testcase.TC_API_Login" name="TC03_ValidateToken" time="0.031"/>
  <testcase classname="com.api.auto.testcase.TC_API_Login" name="TC05_ValidateUserType" time="0.045"/>
  <testcase classname="com.api.auto.testcase.TC_API_Login" name="TC06_ValidateAccount" time="0.066"/>
</testsuite> <!-- com.api.auto.testcase.TC_API_Login -->
